Build started 15.06.2017 13:42:20.
     1>Project "D:\учеба\диплом\programming\QT\Raytracing\Raytracing\Raytracing.vcxproj" on node 2 (Build target(s)).
     1>ClCompile:
         C:\Program Files (x86)\Microsoft Visual Studio 12.0\VC\bin\x86_amd64\CL.exe /c /I.\GeneratedFiles /I. /IC:\QT\Qt5.7.0\5.7\msvc2013_64\include /I.\GeneratedFiles\Debug /IC:\QT\Qt5.7.0\5.7\msvc2013_64\include\QtCore /IC:\QT\Qt5.7.0\5.7\msvc2013_64\include\QtGui /IC:\QT\Qt5.7.0\5.7\msvc2013_64\include\QtWidgets /I"C:\Visual Leak Detector\include" /I"C:\Program Files (x86)\Visual Leak Detector\include" /Zi /nologo /W1 /WX- /Od /D UNICODE /D WIN32 /D WIN64 /D QT_DLL /D QT_CORE_LIB /D QT_GUI_LIB /D QT_WIDGETS_LIB /Gm- /EHsc /MDd /GS /fp:precise /Zc:wchar_t /Zc:forScope /Fo"x64\Debug\\" /Fd"x64\Debug\vc120.pdb" /Gd /TP /errorReport:prompt RayTransfer.cpp
         RayTransfer.cpp
       Link:
         C:\Program Files (x86)\Microsoft Visual Studio 12.0\VC\bin\x86_amd64\link.exe /ERRORREPORT:PROMPT /OUT:"D:\учеба\диплом\programming\QT\Raytracing\x64\Debug\\Raytracing.exe" /NOLOGO /LIBPATH:C:\QT\Qt5.7.0\5.7\msvc2013_64\lib /LIBPATH:"C:\Visual Leak Detector\lib\Win64" /LIBPATH:"C:\Program Files (x86)\Visual Leak Detector\lib\Win64" qtmaind.lib Qt5Cored.lib Qt5Guid.lib Qt5Widgetsd.lib kernel32.lib user32.lib gdi32.lib winspool.lib comdlg32.lib advapi32.lib shell32.lib ole32.lib oleaut32.lib uuid.lib odbc32.lib odbccp32.lib /MANIFEST /MANIFESTUAC:"level='asInvoker' uiAccess='false'" /manifest:embed /DEBUG /PDB:"D:\учеба\диплом\programming\QT\Raytracing\x64\Debug\Raytracing.pdb" /SUBSYSTEM:WINDOWS /TLBID:1 /DYNAMICBASE /NXCOMPAT /IMPLIB:"D:\учеба\диплом\programming\QT\Raytracing\x64\Debug\Raytracing.lib" /MACHINE:X64 x64\Debug\AdvancedOpticProperties.obj
         x64\Debug\Box.obj
         x64\Debug\Camera.obj
         x64\Debug\CanvasWidget.obj
         x64\Debug\CommandExecutor.obj
         x64\Debug\Controller.obj
         x64\Debug\crt_rgb2spectrum.obj
         x64\Debug\crt_spectrum2rgb.obj
         x64\Debug\Cylinder.obj
         x64\Debug\moc_MainWindow.obj
         x64\Debug\moc_RenderSettingsDialog.obj
         x64\Debug\qrc_raytracing.obj
         x64\Debug\RayGeneratePlane.obj
         x64\Debug\RayTransfer.obj
         x64\Debug\PolarizedRay.obj
         x64\Debug\RenderWithFlatLightSource.obj
         x64\Debug\Render.obj
         x64\Debug\RgbIntensity.obj
         x64\Debug\RgbIntensityMap.obj
         x64\Debug\IntersectionInfo.obj
         x64\Debug\Lens.obj
         x64\Debug\LightSource.obj
         x64\Debug\LineSegment.obj
         x64\Debug\main.obj
         x64\Debug\MainWindow.obj
         x64\Debug\Matrix.obj
         x64\Debug\MatrixFactory.obj
         x64\Debug\Model.obj
         x64\Debug\NewLens.obj
         x64\Debug\OpticProperties.obj
         x64\Debug\ParserUtils.obj
         x64\Debug\Plane.obj
         x64\Debug\Point.obj
         x64\Debug\PointVector3D.obj
         x64\Debug\Quadrangle.obj
         x64\Debug\Ray.obj
         x64\Debug\RenderFileReader.obj
         x64\Debug\RenderInfo.obj
         x64\Debug\RenderSettingsDialog.obj
         x64\Debug\RenderWorker.obj
         x64\Debug\RgbColor.obj
         x64\Debug\Scene.obj
         x64\Debug\SceneFileInfo.obj
         x64\Debug\SceneFileReader.obj
         x64\Debug\SpectrumColor.obj
         x64\Debug\SpectrumIntensity.obj
         x64\Debug\SpectrumIntensityMap.obj
         x64\Debug\SpectrumRender.obj
         x64\Debug\Sphere.obj
         x64\Debug\Substrate.obj
         x64\Debug\Task.obj
         x64\Debug\TaskQueue.obj
         x64\Debug\Transmission.obj
         x64\Debug\Triangle.obj
         Raytracing.vcxproj -> D:\учеба\диплом\programming\QT\Raytracing\x64\Debug\Raytracing.exe
     1>Done Building Project "D:\учеба\диплом\programming\QT\Raytracing\Raytracing\Raytracing.vcxproj" (Build target(s)).

Build succeeded.

Time Elapsed 00:00:02.16
