d:\учеба\диплом\programming\qt\raytracing\raytracing\x64\debug\vc120.pdb
d:\учеба\диплом\programming\qt\raytracing\raytracing\x64\debug\lens.obj
d:\учеба\диплом\programming\qt\raytracing\raytracing\x64\debug\intersectioninfo.obj
d:\учеба\диплом\programming\qt\raytracing\raytracing\x64\debug\rgbintensitymap.obj
d:\учеба\диплом\programming\qt\raytracing\raytracing\x64\debug\rgbintensity.obj
d:\учеба\диплом\programming\qt\raytracing\raytracing\x64\debug\render.obj
d:\учеба\диплом\programming\qt\raytracing\raytracing\x64\debug\renderwithflatlightsource.obj
d:\учеба\диплом\programming\qt\raytracing\raytracing\x64\debug\polarizedray.obj
d:\учеба\диплом\programming\qt\raytracing\raytracing\x64\debug\raygenerateplane.obj
d:\учеба\диплом\programming\qt\raytracing\raytracing\x64\debug\moc_rendersettingsdialog.obj
d:\учеба\диплом\programming\qt\raytracing\raytracing\x64\debug\moc_mainwindow.obj
d:\учеба\диплом\programming\qt\raytracing\raytracing\x64\debug\cylinder.obj
d:\учеба\диплом\programming\qt\raytracing\raytracing\x64\debug\crt_spectrum2rgb.obj
d:\учеба\диплом\programming\qt\raytracing\raytracing\x64\debug\crt_rgb2spectrum.obj
d:\учеба\диплом\programming\qt\raytracing\raytracing\x64\debug\controller.obj
d:\учеба\диплом\programming\qt\raytracing\raytracing\x64\debug\commandexecutor.obj
d:\учеба\диплом\programming\qt\raytracing\raytracing\x64\debug\canvaswidget.obj
d:\учеба\диплом\programming\qt\raytracing\raytracing\x64\debug\camera.obj
d:\учеба\диплом\programming\qt\raytracing\raytracing\x64\debug\box.obj
d:\учеба\диплом\programming\qt\raytracing\raytracing\x64\debug\advancedopticproperties.obj
d:\учеба\диплом\programming\qt\raytracing\raytracing\x64\debug\rgbcolor.obj
d:\учеба\диплом\programming\qt\raytracing\raytracing\x64\debug\renderworker.obj
d:\учеба\диплом\programming\qt\raytracing\raytracing\x64\debug\rendersettingsdialog.obj
d:\учеба\диплом\programming\qt\raytracing\raytracing\x64\debug\renderinfo.obj
d:\учеба\диплом\programming\qt\raytracing\raytracing\x64\debug\renderfilereader.obj
d:\учеба\диплом\programming\qt\raytracing\raytracing\x64\debug\ray.obj
d:\учеба\диплом\programming\qt\raytracing\raytracing\x64\debug\quadrangle.obj
d:\учеба\диплом\programming\qt\raytracing\raytracing\x64\debug\pointvector3d.obj
d:\учеба\диплом\programming\qt\raytracing\raytracing\x64\debug\point.obj
d:\учеба\диплом\programming\qt\raytracing\raytracing\x64\debug\plane.obj
d:\учеба\диплом\programming\qt\raytracing\raytracing\x64\debug\parserutils.obj
d:\учеба\диплом\programming\qt\raytracing\raytracing\x64\debug\opticproperties.obj
d:\учеба\диплом\programming\qt\raytracing\raytracing\x64\debug\newlens.obj
d:\учеба\диплом\programming\qt\raytracing\raytracing\x64\debug\model.obj
d:\учеба\диплом\programming\qt\raytracing\raytracing\x64\debug\matrixfactory.obj
d:\учеба\диплом\programming\qt\raytracing\raytracing\x64\debug\matrix.obj
d:\учеба\диплом\programming\qt\raytracing\raytracing\x64\debug\mainwindow.obj
d:\учеба\диплом\programming\qt\raytracing\raytracing\x64\debug\main.obj
d:\учеба\диплом\programming\qt\raytracing\raytracing\x64\debug\linesegment.obj
d:\учеба\диплом\programming\qt\raytracing\raytracing\x64\debug\lightsource.obj
d:\учеба\диплом\programming\qt\raytracing\raytracing\x64\debug\triangle.obj
d:\учеба\диплом\programming\qt\raytracing\raytracing\x64\debug\transmission.obj
d:\учеба\диплом\programming\qt\raytracing\raytracing\x64\debug\taskqueue.obj
d:\учеба\диплом\programming\qt\raytracing\raytracing\x64\debug\task.obj
d:\учеба\диплом\programming\qt\raytracing\raytracing\x64\debug\sphere.obj
d:\учеба\диплом\programming\qt\raytracing\raytracing\x64\debug\spectrumrender.obj
d:\учеба\диплом\programming\qt\raytracing\raytracing\x64\debug\spectrumintensitymap.obj
d:\учеба\диплом\programming\qt\raytracing\raytracing\x64\debug\spectrumintensity.obj
d:\учеба\диплом\programming\qt\raytracing\raytracing\x64\debug\spectrumcolor.obj
d:\учеба\диплом\programming\qt\raytracing\raytracing\x64\debug\scenefilereader.obj
d:\учеба\диплом\programming\qt\raytracing\raytracing\x64\debug\scenefileinfo.obj
d:\учеба\диплом\programming\qt\raytracing\raytracing\x64\debug\scene.obj
d:\учеба\диплом\programming\qt\raytracing\raytracing\x64\debug\raytransfer.obj
d:\учеба\диплом\programming\qt\raytracing\raytracing\x64\debug\qrc_raytracing.obj
d:\учеба\диплом\programming\qt\raytracing\raytracing\generatedfiles\debug\moc_rendersettingsdialog.cpp
d:\учеба\диплом\programming\qt\raytracing\raytracing\generatedfiles\qrc_raytracing.cpp
d:\учеба\диплом\programming\qt\raytracing\raytracing\generatedfiles\ui_mainwindowform.h
d:\учеба\диплом\programming\qt\raytracing\raytracing\generatedfiles\ui_rendersettingdialogform.h
d:\учеба\диплом\programming\qt\raytracing\raytracing\generatedfiles\debug\moc_mainwindow.cpp
d:\учеба\диплом\programming\qt\raytracing\x64\debug\raytracing.lib
d:\учеба\диплом\programming\qt\raytracing\x64\debug\raytracing.exp
d:\учеба\диплом\programming\qt\raytracing\x64\debug\raytracing.pdb
d:\учеба\диплом\programming\qt\raytracing\x64\debug\raytracing.exe
d:\учеба\диплом\programming\qt\raytracing\x64\debug\raytracing.ilk
d:\учеба\диплом\programming\qt\raytracing\raytracing\x64\debug\raytracing.tlog\cl.command.1.tlog
d:\учеба\диплом\programming\qt\raytracing\raytracing\x64\debug\raytracing.tlog\cl.read.1.tlog
d:\учеба\диплом\programming\qt\raytracing\raytracing\x64\debug\raytracing.tlog\cl.write.1.tlog
d:\учеба\диплом\programming\qt\raytracing\raytracing\x64\debug\raytracing.tlog\custombuild.command.1.tlog
d:\учеба\диплом\programming\qt\raytracing\raytracing\x64\debug\raytracing.tlog\custombuild.read.1.tlog
d:\учеба\диплом\programming\qt\raytracing\raytracing\x64\debug\raytracing.tlog\custombuild.write.1.tlog
d:\учеба\диплом\programming\qt\raytracing\raytracing\x64\debug\raytracing.tlog\link.command.1.tlog
d:\учеба\диплом\programming\qt\raytracing\raytracing\x64\debug\raytracing.tlog\link.read.1.tlog
d:\учеба\диплом\programming\qt\raytracing\raytracing\x64\debug\raytracing.tlog\link.write.1.tlog
d:\учеба\диплом\programming\qt\raytracing\raytracing\x64\debug\raytracing.tlog\raytracing.write.1u.tlog
