d:\учеба\диплом\programming\qt\raytracing\raytracing\x64\release\lens.obj
d:\учеба\диплом\programming\qt\raytracing\raytracing\x64\release\intersectioninfo.obj
d:\учеба\диплом\programming\qt\raytracing\raytracing\x64\release\rgbintensitymap.obj
d:\учеба\диплом\programming\qt\raytracing\raytracing\x64\release\rgbintensity.obj
d:\учеба\диплом\programming\qt\raytracing\raytracing\x64\release\render.obj
d:\учеба\диплом\programming\qt\raytracing\raytracing\x64\release\renderwithflatlightsource.obj
d:\учеба\диплом\programming\qt\raytracing\raytracing\x64\release\polarizedray.obj
d:\учеба\диплом\programming\qt\raytracing\raytracing\x64\release\raytransfer.obj
d:\учеба\диплом\programming\qt\raytracing\raytracing\x64\release\raygenerateplane.obj
d:\учеба\диплом\programming\qt\raytracing\raytracing\x64\release\moc_rendersettingsdialog.obj
d:\учеба\диплом\programming\qt\raytracing\raytracing\x64\release\moc_mainwindow.obj
d:\учеба\диплом\programming\qt\raytracing\raytracing\x64\release\cylinder.obj
d:\учеба\диплом\programming\qt\raytracing\raytracing\x64\release\crt_spectrum2rgb.obj
d:\учеба\диплом\programming\qt\raytracing\raytracing\x64\release\crt_rgb2spectrum.obj
d:\учеба\диплом\programming\qt\raytracing\raytracing\x64\release\controller.obj
d:\учеба\диплом\programming\qt\raytracing\raytracing\x64\release\commandexecutor.obj
d:\учеба\диплом\programming\qt\raytracing\raytracing\x64\release\canvaswidget.obj
d:\учеба\диплом\programming\qt\raytracing\raytracing\x64\release\camera.obj
d:\учеба\диплом\programming\qt\raytracing\raytracing\x64\release\box.obj
d:\учеба\диплом\programming\qt\raytracing\raytracing\x64\release\advancedopticproperties.obj
d:\учеба\диплом\programming\qt\raytracing\raytracing\x64\release\rgbcolor.obj
d:\учеба\диплом\programming\qt\raytracing\raytracing\x64\release\renderworker.obj
d:\учеба\диплом\programming\qt\raytracing\raytracing\x64\release\rendersettingsdialog.obj
d:\учеба\диплом\programming\qt\raytracing\raytracing\x64\release\renderinfo.obj
d:\учеба\диплом\programming\qt\raytracing\raytracing\x64\release\renderfilereader.obj
d:\учеба\диплом\programming\qt\raytracing\raytracing\x64\release\ray.obj
d:\учеба\диплом\programming\qt\raytracing\raytracing\x64\release\quadrangle.obj
d:\учеба\диплом\programming\qt\raytracing\raytracing\x64\release\pointvector3d.obj
d:\учеба\диплом\programming\qt\raytracing\raytracing\x64\release\point.obj
d:\учеба\диплом\programming\qt\raytracing\raytracing\x64\release\plane.obj
d:\учеба\диплом\programming\qt\raytracing\raytracing\x64\release\parserutils.obj
d:\учеба\диплом\programming\qt\raytracing\raytracing\x64\release\opticproperties.obj
d:\учеба\диплом\programming\qt\raytracing\raytracing\x64\release\newlens.obj
d:\учеба\диплом\programming\qt\raytracing\raytracing\x64\release\model.obj
d:\учеба\диплом\programming\qt\raytracing\raytracing\x64\release\matrixfactory.obj
d:\учеба\диплом\programming\qt\raytracing\raytracing\x64\release\matrix.obj
d:\учеба\диплом\programming\qt\raytracing\raytracing\x64\release\mainwindow.obj
d:\учеба\диплом\programming\qt\raytracing\raytracing\x64\release\main.obj
d:\учеба\диплом\programming\qt\raytracing\raytracing\x64\release\linesegment.obj
d:\учеба\диплом\programming\qt\raytracing\raytracing\x64\release\lightsource.obj
d:\учеба\диплом\programming\qt\raytracing\raytracing\x64\release\triangle.obj
d:\учеба\диплом\programming\qt\raytracing\raytracing\x64\release\transmission.obj
d:\учеба\диплом\programming\qt\raytracing\raytracing\x64\release\taskqueue.obj
d:\учеба\диплом\programming\qt\raytracing\raytracing\x64\release\task.obj
d:\учеба\диплом\programming\qt\raytracing\raytracing\x64\release\sphere.obj
d:\учеба\диплом\programming\qt\raytracing\raytracing\x64\release\spectrumrender.obj
d:\учеба\диплом\programming\qt\raytracing\raytracing\x64\release\spectrumintensitymap.obj
d:\учеба\диплом\programming\qt\raytracing\raytracing\x64\release\spectrumintensity.obj
d:\учеба\диплом\programming\qt\raytracing\raytracing\x64\release\spectrumcolor.obj
d:\учеба\диплом\programming\qt\raytracing\raytracing\x64\release\scenefilereader.obj
d:\учеба\диплом\programming\qt\raytracing\raytracing\x64\release\scenefileinfo.obj
d:\учеба\диплом\programming\qt\raytracing\raytracing\x64\release\scene.obj
d:\учеба\диплом\programming\qt\raytracing\raytracing\x64\release\qrc_raytracing.obj
d:\учеба\диплом\programming\qt\raytracing\raytracing\x64\release\substrate.obj
d:\учеба\диплом\programming\qt\raytracing\raytracing\generatedfiles\release\moc_mainwindow.cpp
d:\учеба\диплом\programming\qt\raytracing\raytracing\generatedfiles\release\moc_rendersettingsdialog.cpp
d:\учеба\диплом\programming\qt\raytracing\raytracing\generatedfiles\qrc_raytracing.cpp
d:\учеба\диплом\programming\qt\raytracing\raytracing\generatedfiles\ui_mainwindowform.h
d:\учеба\диплом\programming\qt\raytracing\raytracing\generatedfiles\ui_rendersettingdialogform.h
d:\учеба\диплом\programming\qt\raytracing\x64\release\raytracing.exe
d:\учеба\диплом\programming\qt\raytracing\x64\release\raytracing.lib
d:\учеба\диплом\programming\qt\raytracing\x64\release\raytracing.exp
d:\учеба\диплом\programming\qt\raytracing\raytracing\x64\release\raytracing.tlog\cl.command.1.tlog
d:\учеба\диплом\programming\qt\raytracing\raytracing\x64\release\raytracing.tlog\cl.read.1.tlog
d:\учеба\диплом\programming\qt\raytracing\raytracing\x64\release\raytracing.tlog\cl.write.1.tlog
d:\учеба\диплом\programming\qt\raytracing\raytracing\x64\release\raytracing.tlog\custombuild.command.1.tlog
d:\учеба\диплом\programming\qt\raytracing\raytracing\x64\release\raytracing.tlog\custombuild.read.1.tlog
d:\учеба\диплом\programming\qt\raytracing\raytracing\x64\release\raytracing.tlog\custombuild.write.1.tlog
d:\учеба\диплом\programming\qt\raytracing\raytracing\x64\release\raytracing.tlog\link.command.1.tlog
d:\учеба\диплом\programming\qt\raytracing\raytracing\x64\release\raytracing.tlog\link.read.1.tlog
d:\учеба\диплом\programming\qt\raytracing\raytracing\x64\release\raytracing.tlog\link.write.1.tlog
d:\учеба\диплом\programming\qt\raytracing\raytracing\x64\release\raytracing.tlog\raytracing.write.1u.tlog
